Copyright 1986-2019 Xilinx, Inc. All Rights Reserved.
------------------------------------------------------------------------------------
| Tool Version : Vivado v.2019.2 (win64) Build 2708876 Wed Nov  6 21:40:23 MST 2019
| Date         : Thu Feb 11 23:19:53 2021
| Host         : LAPTOP-KVIR7HD9 running 64-bit major release  (build 9200)
| Command      : upgrade_ip
| Device       : xc7z010clg400-1
------------------------------------------------------------------------------------

Upgrade Log for IP 'design_1_wrapper_0_0'

1. Summary
----------

SUCCESS in the upgrade of design_1_wrapper_0_0 (xilinx.com:hls:wrapper:1.0) from (Rev. 2102112157) to (Rev. 2102112318)






Copyright 1986-2019 Xilinx, Inc. All Rights Reserved.
------------------------------------------------------------------------------------
| Tool Version : Vivado v.2019.2 (win64) Build 2708876 Wed Nov  6 21:40:23 MST 2019
| Date         : Thu Feb 11 22:00:17 2021
| Host         : LAPTOP-KVIR7HD9 running 64-bit major release  (build 9200)
| Command      : upgrade_ip
| Device       : xc7z010clg400-1
------------------------------------------------------------------------------------

Upgrade Log for IP 'design_1_wrapper_0_0'

1. Summary
----------

CAUTION (success, with warnings) in the upgrade of design_1_wrapper_0_0 (xilinx.com:hls:wrapper:1.0) from (Rev. 2102110232) to (Rev. 2102112157)

After upgrade, an IP may have parameter and port differences compared to the original customization. Please review the parameters within the IP customization GUI to ensure proper functionality. Also, please review the updated IP instantiation template to ensure proper connectivity, and update your design if required.

2. Connection Warnings
----------------------

Detected external port differences while upgrading 'design_1_wrapper_0_0'. These changes may impact your design.


-Upgraded port 's_axi_AXILiteS_ARADDR' width 7 differs from original width 6

-Upgraded port 's_axi_AXILiteS_AWADDR' width 7 differs from original width 6







Copyright 1986-2019 Xilinx, Inc. All Rights Reserved.
------------------------------------------------------------------------------------
| Tool Version : Vivado v.2019.2 (win64) Build 2708876 Wed Nov  6 21:40:23 MST 2019
| Date         : Thu Feb 11 02:33:36 2021
| Host         : LAPTOP-KVIR7HD9 running 64-bit major release  (build 9200)
| Command      : upgrade_ip
| Device       : xc7z010clg400-1
------------------------------------------------------------------------------------

Upgrade Log for IP 'design_1_wrapper_0_0'

1. Summary
----------

CAUTION (success, with warnings) in the upgrade of design_1_wrapper_0_0 (xilinx.com:hls:wrapper:1.0) from (Rev. 2102110000) to (Rev. 2102110232)

After upgrade, an IP may have parameter and port differences compared to the original customization. Please review the parameters within the IP customization GUI to ensure proper functionality. Also, please review the updated IP instantiation template to ensure proper connectivity, and update your design if required.

2. Interface Information
------------------------

Detected external interface differences while upgrading 'design_1_wrapper_0_0'.


-Upgrade has removed interface 'ap_ctrl'

-Upgrade has added interface 'interrupt' (xilinx.com:signal:interrupt:1.0)


3. Connection Warnings
----------------------

Detected external port differences while upgrading 'design_1_wrapper_0_0'. These changes may impact your design.


-Upgrade has removed port 'ap_done'

-Upgrade has removed port 'ap_idle'

-Upgrade has removed port 'ap_ready'

-Upgrade has removed port 'ap_start'

-Upgrade has added port 'interrupt'


